<?xml version="1.0" encoding="UTF-8"?>
<testng-results ignored="0" total="2" passed="2" failed="0" skipped="0">
  <reporter-output>
  </reporter-output>
  <suite started-at="2023-02-19T22:41:59 IST" name="Default suite" finished-at="2023-02-19T22:42:41 IST" duration-ms="41935">
    <groups>
    </groups>
    <test started-at="2023-02-19T22:41:59 IST" name="Default test" finished-at="2023-02-19T22:42:41 IST" duration-ms="41935">
      <class name="methodTesting.ClassTest">
        <test-method signature="printData(java.lang.String)[pri:0, instance:methodTesting.ClassTest@63355449]" started-at="2023-02-19T22:41:59 IST" name="printData" data-provider="data" finished-at="2023-02-19T22:41:59 IST" duration-ms="11" status="PASS">
          <params>
            <param index="0">
              <value>
                <![CDATA[6]]>
              </value>
            </param>
          </params>
          <reporter-output>
          </reporter-output>
        </test-method> <!-- printData -->
        <test-method signature="testOne()[pri:0, instance:methodTesting.ClassTest@63355449]" started-at="2023-02-19T22:41:59 IST" name="testOne" finished-at="2023-02-19T22:42:41 IST" duration-ms="41814" status="PASS">
          <reporter-output>
          </reporter-output>
        </test-method> <!-- testOne -->
      </class> <!-- methodTesting.ClassTest -->
    </test> <!-- Default test -->
  </suite> <!-- Default suite -->
</testng-results>
